<?xml version="1.0" encoding="UTF-8"?>
<!-- Generated by org.testng.reporters.JUnitReportReporter -->
<testsuite hostname="DESKTOP-VFB79Q5" failures="0" tests="3" name="AutomationPractice.test.TestMenu" time="23.397" errors="0" timestamp="2020-04-11T14:54:54 CEST" skipped="0">
  <testcase classname="AutomationPractice.test.TestMenu" name="testHoverWomen" time="13.939"/>
  <system-out/>
  <testcase classname="AutomationPractice.test.TestMenu" name="testHoverDresses" time="3.634"/>
  <system-out/>
  <testcase classname="AutomationPractice.test.TestMenu" name="testEqualSummerDressesURL" time="5.824"/>
  <system-out/>
</testsuite> <!-- AutomationPractice.test.TestMenu -->
