<?xml version="1.0" encoding="UTF-8"?>
<!-- Generated by org.testng.reporters.JUnitReportReporter -->
<testsuite hostname="DESKTOP-VFB79Q5" failures="0" tests="3" name="AutomationPractice.test.TestSignIn" time="172.312" errors="0" timestamp="2020-04-11T14:59:49 CEST" skipped="0">
  <testcase classname="AutomationPractice.test.TestSignIn" name="logIn" time="2.883"/>
  <system-out/>
  <testcase classname="AutomationPractice.test.TestSignIn" name="logOut" time="2.073"/>
  <system-out/>
  <testcase classname="AutomationPractice.test.TestSignIn" name="logInMultipleUsers" time="167.356"/>
  <system-out/>
</testsuite> <!-- AutomationPractice.test.TestSignIn -->
