<?xml version="1.0" encoding="UTF-8"?>
<!-- Generated by org.testng.reporters.JUnitReportReporter -->
<testsuite hostname="DESKTOP-VFB79Q5" failures="0" tests="2" name="AutomationPractice.test.TestHomePage" time="12.926" errors="0" timestamp="2020-04-11T14:55:39 CEST" skipped="0">
  <testcase classname="AutomationPractice.test.TestHomePage" name="testOpeningHomePage" time="8.662"/>
  <system-out/>
  <testcase classname="AutomationPractice.test.TestHomePage" name="testNavigateToHomePage" time="4.264"/>
  <system-out/>
</testsuite> <!-- AutomationPractice.test.TestHomePage -->
