<?xml version="1.0" encoding="UTF-8"?>
<!-- Generated by org.testng.reporters.JUnitReportReporter -->
<testsuite hostname="DESKTOP-VFB79Q5" failures="0" tests="1" name="AutomationPractice.test.TestSummerDresses" time="24.288" errors="0" timestamp="2020-04-11T15:00:36 CEST" skipped="0">
  <testcase classname="AutomationPractice.test.TestSummerDresses" name="addDressToCard" time="24.288"/>
  <system-out/>
</testsuite> <!-- AutomationPractice.test.TestSummerDresses -->
